<?xml version="1.0" encoding="UTF-8"?>
<beans xmlns="http://www.springframework.org/schema/beans"
       xmlns:xsi="http://www.w3.org/2001/XMLSchema-instance"

       xsi:schemaLocation="http://www.springframework.org/schema/beans http://www.springframework.org/schema/beans/spring-beans.xsd">





    <bean class="com.siksha.prototype.test.ResourceInjection" id="testDataResourceInjection">
        <property name="resource" value="classpath:SimulationData" />
    </bean>

    <bean class="com.siksha.prototype.test.XMLTestDataParser" id="xmlTestDataParser"/>



</beans>